Join: joining address  127.0.0.1:8888
Create: creating a chordnode
Chord node d1b63ee10a7afb85ca94dd8e1236d66b731fe5ff5ae1516fb10a7294faf6a21b is listening on 127.0.0.3:8888...




Prev_pred :  127.0.0.1:8888
ChordNode.Info: Printing Entire kayspace
ChordNode repos : 
[9 205 19 119 77 79 147 249 138 13 88 201 126 196 55 173 14 207 216 157 63 139 122 145 2 79 182 177 12 244 50 214]
&{map[]}
[252 230 29 82 65 131 22 234 191 22 178 250 152 217 9 158 80 22 186 61 53 60 223 155 26 197 120 139 227 68 212 214]
&{map[]}






Prev_pred :  127.0.0.4:8888
ChordNode.Info: Printing Entire kayspace
ChordNode repos : 
[9 205 19 119 77 79 147 249 138 13 88 201 126 196 55 173 14 207 216 157 63 139 122 145 2 79 182 177 12 244 50 214]
&{map[]}
[252 230 29 82 65 131 22 234 191 22 178 250 152 217 9 158 80 22 186 61 53 60 223 155 26 197 120 139 227 68 212 214]
&{map[]}
[197 105 30 233 3 154 184 180 30 166 40 23 150 95 54 109 112 136 119 214 67 201 34 75 122 14 171 65 118 8 216 168]
&{map[]}




Prev_pred :  127.0.0.4:8888
ChordNode.Info: Printing Entire kayspace
ChordNode repos : 
[9 205 19 119 77 79 147 249 138 13 88 201 126 196 55 173 14 207 216 157 63 139 122 145 2 79 182 177 12 244 50 214]
&{map[]}
[252 230 29 82 65 131 22 234 191 22 178 250 152 217 9 158 80 22 186 61 53 60 223 155 26 197 120 139 227 68 212 214]
&{map[]}
[197 105 30 233 3 154 184 180 30 166 40 23 150 95 54 109 112 136 119 214 67 201 34 75 122 14 171 65 118 8 216 168]
&{map[1:1]}
