Join: joining address  127.0.0.1:8888
Create: creating a chordnode
Chord node c5691ee9039ab8b41ea62817965f366d708877d643c9224b7a0eab417608d8a8 is listening on 127.0.0.4:8888...



Prev_pred :  127.0.0.1:8888
ChordNode.Info: Printing Entire kayspace
ChordNode repos : 
[252 230 29 82 65 131 22 234 191 22 178 250 152 217 9 158 80 22 186 61 53 60 223 155 26 197 120 139 227 68 212 214]
&{map[]}
[9 205 19 119 77 79 147 249 138 13 88 201 126 196 55 173 14 207 216 157 63 139 122 145 2 79 182 177 12 244 50 214]
&{map[]}
[209 182 62 225 10 122 251 133 202 148 221 142 18 54 214 107 115 31 229 255 90 225 81 111 177 10 114 148 250 246 162 27]
&{map[]}




Prev_pred :  127.0.0.1:8888
ChordNode.Info: Printing Entire kayspace
1 		 1
ChordNode repos : 
[9 205 19 119 77 79 147 249 138 13 88 201 126 196 55 173 14 207 216 157 63 139 122 145 2 79 182 177 12 244 50 214]
&{map[]}
[209 182 62 225 10 122 251 133 202 148 221 142 18 54 214 107 115 31 229 255 90 225 81 111 177 10 114 148 250 246 162 27]
&{map[]}
[252 230 29 82 65 131 22 234 191 22 178 250 152 217 9 158 80 22 186 61 53 60 223 155 26 197 120 139 227 68 212 214]
&{map[]}
